Using pre-set license
Built from '2020.3/staging' branch; Version is '2020.3.3f1 (76626098c1c4) revision 7758432'; Using compiler version '192528614'; Build Type 'Release'
OS: 'Windows 10 Pro; OS build 19042.928; Version 2009; 64bit' Language: 'ru' Physical Memory: 8148 MB
BatchMode: 1, IsHumanControllingUs: 0, StartBugReporterOnCrash: 0, Is64bit: 1, IsPro: 0

 COMMAND LINE ARGUMENTS:
C:\Program Files\Unity\Hub\Editor\2020.3.3f1\Editor\Unity.exe
-adb2
-batchMode
-noUpm
-name
AssetImportWorker0
-projectPath
C:/Users/norma/Desktop/RoomQuest/RoomQuest
-logFile
Logs/AssetImportWorker0.log
-srvPort
53476
Successfully changed project path to: C:/Users/norma/Desktop/RoomQuest/RoomQuest
C:/Users/norma/Desktop/RoomQuest/RoomQuest
Using Asset Import Pipeline V2.
Refreshing native plugins compatible for Editor in 78.16 ms, found 0 plugins.
Preloading 0 native plugins for Editor in 0.00 ms.
Initialize engine version: 2020.3.3f1 (76626098c1c4)
[Subsystems] Discovering subsystems at path C:/Program Files/Unity/Hub/Editor/2020.3.3f1/Editor/Data/Resources/UnitySubsystems
[Subsystems] Discovering subsystems at path C:/Users/norma/Desktop/RoomQuest/RoomQuest/Assets
GfxDevice: creating device client; threaded=0
Direct3D:
    Version:  Direct3D 11.0 [level 11.0]
    Renderer: NVIDIA GeForce GTX 660 (ID=0x11c0)
    Vendor:   
    VRAM:     1998 MB
    Driver:   27.21.14.5671
Initialize mono
Mono path[0] = 'C:/Program Files/Unity/Hub/Editor/2020.3.3f1/Editor/Data/Managed'
Mono path[1] = 'C:/Program Files/Unity/Hub/Editor/2020.3.3f1/Editor/Data/MonoBleedingEdge/lib/mono/unityjit'
Mono config path = 'C:/Program Files/Unity/Hub/Editor/2020.3.3f1/Editor/Data/MonoBleedingEdge/etc'
Using monoOptions --debugger-agent=transport=dt_socket,embedding=1,server=y,suspend=n,address=127.0.0.1:56440
Begin MonoManager ReloadAssembly
Registering precompiled unity dll's ...
Register platform support module: C:/Program Files/Unity/Hub/Editor/2020.3.3f1/Editor/Data/PlaybackEngines/WindowsStandaloneSupport/UnityEditor.WindowsStandalone.Extensions.dll
Registered in 0.004199 seconds.
Native extension for WindowsStandalone target not found
Refreshing native plugins compatible for Editor in 78.83 ms, found 0 plugins.
Preloading 0 native plugins for Editor in 0.00 ms.
Invoked RoslynAnalysisRunner static constructor.
RoslynAnalysisRunner will not be running.
RoslynAnalysisRunner has terminated.
Mono: successfully reloaded assembly
- Completed reload, in  3.040 seconds
Platform modules already initialized, skipping
Registering precompiled user dll's ...
Registered in 0.006409 seconds.
Begin MonoManager ReloadAssembly
Native extension for WindowsStandalone target not found
Refreshing native plugins compatible for Editor in 0.92 ms, found 0 plugins.
Preloading 0 native plugins for Editor in 0.00 ms.
Invoked RoslynAnalysisRunner static constructor.
RoslynAnalysisRunner will not be running.
RoslynAnalysisRunner has terminated.
Mono: successfully reloaded assembly
- Completed reload, in  2.144 seconds
Platform modules already initialized, skipping
========================================================================
Worker process is ready to serve import requests
Launched and connected shader compiler UnityShaderCompiler.exe after 0.12 seconds
Refreshing native plugins compatible for Editor in 0.54 ms, found 0 plugins.
Preloading 0 native plugins for Editor in 0.00 ms.
Unloading 1144 Unused Serialized files (Serialized files now loaded: 0)
System memory in use before: 61.1 MB.
System memory in use after: 61.2 MB.

Unloading 12 unused Assets to reduce memory usage. Loaded Objects now: 1589.
Total: 3.355600 ms (FindLiveObjects: 0.295600 ms CreateObjectMapping: 0.084700 ms MarkObjects: 2.862300 ms  DeleteObjects: 0.111200 ms)

========================================================================
Received Import Request.
  path: Assets/Scenes/MainScene.unity
  artifactKey: Guid(3cbc5fa0a5a17ea4ab8dbb7bb6baa94a) Importer(815301076,1909f56bfc062723c751e8b465ee728b)
Start importing Assets/Scenes/MainScene.unity using Guid(3cbc5fa0a5a17ea4ab8dbb7bb6baa94a) Importer(815301076,1909f56bfc062723c751e8b465ee728b)  -> (artifact id: '32fcb87c95cdbab225aa879657a95b88') in 0.041952 seconds
  Import took 0.049205 seconds .

========================================================================
Received Import Request.
  Time since last request: 117.729567 seconds.
  path: Assets/MyAddons/Laptop/Prefabs/laptop.prefab
  artifactKey: Guid(f374f5ff12fedd444afef5bfdc429659) Importer(815301076,1909f56bfc062723c751e8b465ee728b)
Start importing Assets/MyAddons/Laptop/Prefabs/laptop.prefab using Guid(f374f5ff12fedd444afef5bfdc429659) Importer(815301076,1909f56bfc062723c751e8b465ee728b)  -> (artifact id: '00d65a525d01bd5e6a808657ba355f24') in 0.213650 seconds
  Import took 0.218230 seconds .

========================================================================
Received Import Request.
  Time since last request: 8.254917 seconds.
  path: Assets/MyAddons/Laptop/UI/1200px-Skype_logo_(2019–present).svg.png
  artifactKey: Guid(29a80bb06085c54488a5d08b1030446e) Importer(815301076,1909f56bfc062723c751e8b465ee728b)
Start importing Assets/MyAddons/Laptop/UI/1200px-Skype_logo_(2019–present).svg.png using Guid(29a80bb06085c54488a5d08b1030446e) Importer(815301076,1909f56bfc062723c751e8b465ee728b)  -> (artifact id: '4c05eeaa5271d88fb40619da53f7e96b') in 0.065094 seconds
  Import took 0.069168 seconds .

========================================================================
Received Import Request.
  Time since last request: 0.000307 seconds.
  path: Assets/MyAddons/Laptop/UI/unnamed.png
  artifactKey: Guid(6f2d0236c1cb9a6448ef1ce8c50e7609) Importer(815301076,1909f56bfc062723c751e8b465ee728b)
Start importing Assets/MyAddons/Laptop/UI/unnamed.png using Guid(6f2d0236c1cb9a6448ef1ce8c50e7609) Importer(815301076,1909f56bfc062723c751e8b465ee728b)  -> (artifact id: '178afd6e79ebd231a81e748f306844cc') in 0.014909 seconds
  Import took 0.020019 seconds .

========================================================================
Received Import Request.
  Time since last request: 0.000375 seconds.
  path: Assets/MyAddons/Laptop/UI/Skype1 1.PNG
  artifactKey: Guid(e27638f9bcc0bda41934f8c0179fd0ea) Importer(815301076,1909f56bfc062723c751e8b465ee728b)
Start importing Assets/MyAddons/Laptop/UI/Skype1 1.PNG using Guid(e27638f9bcc0bda41934f8c0179fd0ea) Importer(815301076,1909f56bfc062723c751e8b465ee728b)  -> (artifact id: '45434aff7bf796ce8eaaf0d6ebdd3ed6') in 0.022316 seconds
  Import took 0.026624 seconds .

========================================================================
Received Import Request.
  Time since last request: 0.000344 seconds.
  path: Assets/MyAddons/Laptop/UI/Skype2.png
  artifactKey: Guid(221fc7597287c8e4b92f40454474c931) Importer(815301076,1909f56bfc062723c751e8b465ee728b)
Start importing Assets/MyAddons/Laptop/UI/Skype2.png using Guid(221fc7597287c8e4b92f40454474c931) Importer(815301076,1909f56bfc062723c751e8b465ee728b)  -> (artifact id: '529b01d1c1cc234a306bfb9ebc6bd9a5') in 0.016245 seconds
  Import took 0.021203 seconds .

========================================================================
Received Import Request.
  Time since last request: 0.011641 seconds.
  path: Assets/MyAddons/Laptop/UI/Skype2.png
  artifactKey: Guid(221fc7597287c8e4b92f40454474c931) Importer(815301076,1909f56bfc062723c751e8b465ee728b)
Start importing Assets/MyAddons/Laptop/UI/Skype2.png using Guid(221fc7597287c8e4b92f40454474c931) Importer(815301076,1909f56bfc062723c751e8b465ee728b)  -> (artifact id: '529b01d1c1cc234a306bfb9ebc6bd9a5') in 0.016775 seconds
  Import took 0.020999 seconds .

========================================================================
Received Import Request.
  Time since last request: 4.577649 seconds.
  path: Assets/MyAddons/Laptop/laptop.FBX
  artifactKey: Guid(164019ee72ba6df4b934f413f2374e40) Importer(815301076,1909f56bfc062723c751e8b465ee728b)
Start importing Assets/MyAddons/Laptop/laptop.FBX using Guid(164019ee72ba6df4b934f413f2374e40) Importer(815301076,1909f56bfc062723c751e8b465ee728b)  -> (artifact id: '191f879dfc39f38c8aa30447fd37c4ca') in 0.022993 seconds
  Import took 0.027219 seconds .

========================================================================
Received Import Request.
  Time since last request: 0.000436 seconds.
  path: Assets/MyAddons/Laptop/laptop_d.tga
  artifactKey: Guid(73580c47eab753b47ba9b9680de8f055) Importer(815301076,1909f56bfc062723c751e8b465ee728b)
Start importing Assets/MyAddons/Laptop/laptop_d.tga using Guid(73580c47eab753b47ba9b9680de8f055) Importer(815301076,1909f56bfc062723c751e8b465ee728b)  -> (artifact id: '6abdc50f97139430ebc1f462c51ada19') in 0.140699 seconds
  Import took 0.145873 seconds .

========================================================================
Received Import Request.
  Time since last request: 0.000299 seconds.
  path: Assets/MyAddons/Laptop/laptop_e.jpg
  artifactKey: Guid(4eeae465dee0b8a4194a3f390bf49602) Importer(815301076,1909f56bfc062723c751e8b465ee728b)
Start importing Assets/MyAddons/Laptop/laptop_e.jpg using Guid(4eeae465dee0b8a4194a3f390bf49602) Importer(815301076,1909f56bfc062723c751e8b465ee728b)  -> (artifact id: 'bf9cc665127458ad24c612ff9a928a5d') in 0.048417 seconds
  Import took 0.055318 seconds .

========================================================================
Received Import Request.
  Time since last request: 0.000363 seconds.
  path: Assets/MyAddons/Laptop/laptop.prefab
  artifactKey: Guid(d95dfe9eeea7731489064565a2d8b306) Importer(815301076,1909f56bfc062723c751e8b465ee728b)
Start importing Assets/MyAddons/Laptop/laptop.prefab using Guid(d95dfe9eeea7731489064565a2d8b306) Importer(815301076,1909f56bfc062723c751e8b465ee728b)  -> (artifact id: 'ad366c819cccbe379a1ef98089d522bd') in 0.019733 seconds
  Import took 0.024580 seconds .

========================================================================
Received Import Request.
  Time since last request: 0.000527 seconds.
  path: Assets/MyAddons/Laptop/laptop_ao.tga
  artifactKey: Guid(26156147a2ed42744a03b6f5c1ca0499) Importer(815301076,1909f56bfc062723c751e8b465ee728b)
Start importing Assets/MyAddons/Laptop/laptop_ao.tga using Guid(26156147a2ed42744a03b6f5c1ca0499) Importer(815301076,1909f56bfc062723c751e8b465ee728b)  -> (artifact id: '2e1806cc36c55bfd34842315c571360b') in 0.092460 seconds
  Import took 0.099765 seconds .

========================================================================
Received Import Request.
  Time since last request: 0.000302 seconds.
  path: Assets/MyAddons/Laptop/laptop_s.tga
  artifactKey: Guid(356f2bc3a03d6b3448768ab986a926b2) Importer(815301076,1909f56bfc062723c751e8b465ee728b)
Start importing Assets/MyAddons/Laptop/laptop_s.tga using Guid(356f2bc3a03d6b3448768ab986a926b2) Importer(815301076,1909f56bfc062723c751e8b465ee728b)  -> (artifact id: 'ec372f66000328d5ff29ab46a80373d3') in 0.081982 seconds
  Import took 0.088631 seconds .

========================================================================
Received Import Request.
  Time since last request: 0.000375 seconds.
  path: Assets/MyAddons/Laptop/laptop_n.tga
  artifactKey: Guid(7349e76c837a33e42a61a654719f1045) Importer(815301076,1909f56bfc062723c751e8b465ee728b)
Start importing Assets/MyAddons/Laptop/laptop_n.tga using Guid(7349e76c837a33e42a61a654719f1045) Importer(815301076,1909f56bfc062723c751e8b465ee728b)  -> (artifact id: '37c2a8a68ec16199bc0e33d39a139532') in 0.115688 seconds
  Import took 0.122734 seconds .

========================================================================
Received Import Request.
  Time since last request: 0.000321 seconds.
  path: Assets/MyAddons/Laptop/laptop.mat
  artifactKey: Guid(54c38eb35b5848443a34928936331d6b) Importer(815301076,1909f56bfc062723c751e8b465ee728b)
Start importing Assets/MyAddons/Laptop/laptop.mat using Guid(54c38eb35b5848443a34928936331d6b) Importer(815301076,1909f56bfc062723c751e8b465ee728b)  -> (artifact id: 'b91c99c8928e0a4b61539970b7e2123c') in 0.231554 seconds
  Import took 0.236434 seconds .

========================================================================
Received Import Request.
  Time since last request: 0.000355 seconds.
  path: Assets/MyAddons/Laptop/laptop_mask.tga
  artifactKey: Guid(0a5a7b5309c68f14e9fa2c43fadc92fe) Importer(815301076,1909f56bfc062723c751e8b465ee728b)
Start importing Assets/MyAddons/Laptop/laptop_mask.tga using Guid(0a5a7b5309c68f14e9fa2c43fadc92fe) Importer(815301076,1909f56bfc062723c751e8b465ee728b)  -> (artifact id: '42cdb8c468c0dd75212d462a973e3471') in 0.047966 seconds
  Import took 0.110341 seconds .

========================================================================
Received Import Request.
  Time since last request: 280.560507 seconds.
  path: Assets/Scenes/MainMenu.unity
  artifactKey: Guid(52e9c3b8f97d3e8418da692b3c1a0f6c) Importer(815301076,1909f56bfc062723c751e8b465ee728b)
Start importing Assets/Scenes/MainMenu.unity using Guid(52e9c3b8f97d3e8418da692b3c1a0f6c) Importer(815301076,1909f56bfc062723c751e8b465ee728b)  -> (artifact id: '267a0a9d792771b40b11648940eeff37') in 0.017498 seconds
  Import took 0.023390 seconds .

========================================================================
Received Import Request.
  Time since last request: 191.958211 seconds.
  path: Assets/MyAddons/Safe/CardModel/Card.obj
  artifactKey: Guid(f141fa2f79c17a24bbab040dfae0127f) Importer(815301076,1909f56bfc062723c751e8b465ee728b)
Start importing Assets/MyAddons/Safe/CardModel/Card.obj using Guid(f141fa2f79c17a24bbab040dfae0127f) Importer(815301076,1909f56bfc062723c751e8b465ee728b)  -> (artifact id: '3feea13b896d8e547edd2d01b1f456a3') in 0.014212 seconds
  Import took 0.018878 seconds .

========================================================================
Received Import Request.
  Time since last request: 0.000367 seconds.
  path: Assets/MyAddons/Safe/CardModel/Card.png
  artifactKey: Guid(3178767e93d3e1c4b903734ae45f98bd) Importer(815301076,1909f56bfc062723c751e8b465ee728b)
Start importing Assets/MyAddons/Safe/CardModel/Card.png using Guid(3178767e93d3e1c4b903734ae45f98bd) Importer(815301076,1909f56bfc062723c751e8b465ee728b)  -> (artifact id: 'c6bcfb896ac21d20ece7165f1b7042e0') in 0.031205 seconds
  Import took 0.035785 seconds .

========================================================================
Received Import Request.
  Time since last request: 5.404203 seconds.
  path: Assets/MyAddons/Laptop/Prefabs
  artifactKey: Guid(ac70b222d9a159841ac95af27ca8c82c) Importer(815301076,1909f56bfc062723c751e8b465ee728b)
Start importing Assets/MyAddons/Laptop/Prefabs using Guid(ac70b222d9a159841ac95af27ca8c82c) Importer(815301076,1909f56bfc062723c751e8b465ee728b)  -> (artifact id: '9597312c85dae5e5e7a0f54c6f697bf8') in 0.012002 seconds
  Import took 0.015980 seconds .

AssetImportWorkerClient::OnTransportError - code=2 error=End of file
